<?xml version="1.0" encoding="UTF-8"?>
<testng-results ignored="0" total="1" passed="1" failed="0" skipped="0">
  <reporter-output>
  </reporter-output>
  <suite started-at="2025-04-13T12:20:14 IST" name="Default suite" finished-at="2025-04-13T12:20:25 IST" duration-ms="10466">
    <groups>
    </groups>
    <test started-at="2025-04-13T12:20:14 IST" name="Default test" finished-at="2025-04-13T12:20:25 IST" duration-ms="10466">
      <class name="MainPage.Cart">
        <test-method signature="ShoppingCartLabelVerify()[pri:0, instance:MainPage.Cart@24aed80c]" started-at="2025-04-13T12:20:14 IST" name="ShoppingCartLabelVerify" finished-at="2025-04-13T12:20:25 IST" duration-ms="10391" status="PASS">
          <reporter-output>
          </reporter-output>
        </test-method> <!-- ShoppingCartLabelVerify -->
      </class> <!-- MainPage.Cart -->
    </test> <!-- Default test -->
  </suite> <!-- Default suite -->
</testng-results>
